<?xml version="1.0" encoding="UTF-8"?>
<!-- Generated by org.testng.reporters.JUnitReportReporter -->
<testsuite hostname="DESKTOP-9HD1UFT" name="driverFactory.DriverScript" tests="1" failures="0" timestamp="7 Jul 2022 05:24:57 GMT" time="26.342" errors="0">
  <testcase name="startTest" time="26.342" classname="driverFactory.DriverScript"/>
</testsuite> <!-- driverFactory.DriverScript -->
